<?xml version="1.0" encoding="UTF-8"?>
<testsuite name="com.mcpmesh.client.StdoutReaderTest" tests="4" skipped="0" failures="0" errors="0" timestamp="2026-07-12T18:28:53.888Z" hostname="MacBook-Air-de-Theo-4.local" time="0.005">
  <properties/>
  <testcase name="onUnknownIdTest()" classname="com.mcpmesh.client.StdoutReaderTest" time="0.001"/>
  <testcase name="onFailureTest()" classname="com.mcpmesh.client.StdoutReaderTest" time="0.001"/>
  <testcase name="onSuccessTest()" classname="com.mcpmesh.client.StdoutReaderTest" time="0.001"/>
  <testcase name="onNotificationTest()" classname="com.mcpmesh.client.StdoutReaderTest" time="0.001"/>
  <system-out><![CDATA[]]></system-out>
  <system-err><![CDATA[]]></system-err>
</testsuite>
