<?xml version="1.0" encoding="UTF-8"?>
<testsuite name="com.mcpmesh.client.McpClientTest" tests="8" skipped="0" failures="0" errors="0" timestamp="2026-07-12T18:28:50.802Z" hostname="MacBook-Air-de-Theo-4.local" time="3.085">
  <properties/>
  <testcase name="callUnknownToolTest()" classname="com.mcpmesh.client.McpClientTest" time="0.469"/>
  <testcase name="listToolsTest()" classname="com.mcpmesh.client.McpClientTest" time="0.3"/>
  <testcase name="closeAfterFailedConnectDoesNotThrowTest()" classname="com.mcpmesh.client.McpClientTest" time="0.268"/>
  <testcase name="callToolTest()" classname="com.mcpmesh.client.McpClientTest" time="0.307"/>
  <testcase name="closeCancelsPendingRequestsTest()" classname="com.mcpmesh.client.McpClientTest" time="0.619"/>
  <testcase name="concurrentCallToolTest()" classname="com.mcpmesh.client.McpClientTest" time="0.589"/>
  <testcase name="sendAfterCloseThrowsClearErrorTest()" classname="com.mcpmesh.client.McpClientTest" time="0.276"/>
  <testcase name="initializeTest()" classname="com.mcpmesh.client.McpClientTest" time="0.253"/>
  <system-out><![CDATA[]]></system-out>
  <system-err><![CDATA[]]></system-err>
</testsuite>
